{"/home/moe/codefellows/data-structures-and-algorithms/javascript/code-challenges/reverse-ll/reverse-ll.js": {"path":"/home/moe/codefellows/data-structures-and-algorithms/javascript/code-challenges/reverse-ll/reverse-ll.js","statementMap":{"0":{"start":{"line":4,"column":19},"end":{"line":4,"column":47}},"1":{"start":{"line":12,"column":0},"end":{"line":16,"column":1}},"2":{"start":{"line":14,"column":2},"end":{"line":14,"column":14}}},"fnMap":{"0":{"name":"reverse","decl":{"start":{"line":12,"column":26},"end":{"line":12,"column":33}},"loc":{"start":{"line":12,"column":40},"end":{"line":16,"column":1}},"line":12}},"branchMap":{},"s":{"0":1,"1":1,"2":1},"f":{"0":1},"b":{},"_coverageSchema":"1a1c01bbd47fc00a2c39e90264f33305004495a9","hash":"3d4b0340d806a647e98ca11c61c9edc45b4e4f2d"}
,"/home/moe/codefellows/data-structures-and-algorithms/javascript/linked-list/index.js": {"path":"/home/moe/codefellows/data-structures-and-algorithms/javascript/linked-list/index.js","statementMap":{"0":{"start":{"line":7,"column":0},"end":{"line":7,"column":28}}},"fnMap":{},"branchMap":{},"s":{"0":2},"f":{},"b":{},"_coverageSchema":"1a1c01bbd47fc00a2c39e90264f33305004495a9","hash":"9fa7e2463fea11c68d897ba273494a25c28a5a2e"}
}
